<?xml version="1.0" encoding="UTF-8"?><testsuite errors="0" failures="0" name="com.herokuapp.herokuappinfo.HerokuAppCURDTestWithSteps" skipped="0" tests="4" time="8.53" timestamp="2022-06-07T19:14:43.316+01:00[Europe/London]"><testcase classname="com.herokuapp.herokuappinfo.HerokuAppCURDTestWithSteps" name="This will create a new booking"/><testcase classname="com.herokuapp.herokuappinfo.HerokuAppCURDTestWithSteps" name="Verify if the booking was added to the list"/><testcase classname="com.herokuapp.herokuappinfo.HerokuAppCURDTestWithSteps" name="Update the store information and verify updated information"/><testcase classname="com.herokuapp.herokuappinfo.HerokuAppCURDTestWithSteps" name="Delete the booking and verify if the list is deleted!"/></testsuite>